{
  "RSpec": {
    "coverage": {
      "C:/Users/Wanti/Desktop/Ruby/Geometry/lib/Rectangle.rb": [
        1
      ],
      "C:/Users/Wanti/Desktop/Ruby/Geometry/lib/Rectangle/rectangle.rb": [
        null,
        1,
        null,
        1,
        null,
        1,
        4,
        4,
        null,
        null,
        1,
        2,
        null,
        null,
        1,
        2,
        null,
        null,
        null
      ]
    },
    "timestamp": 1423107558
  }
}
